<?xml version="1.0" encoding="UTF-8"?>
<!-- Generated by org.testng.reporters.JUnitReportReporter -->
<testsuite hostname="BRILAP1990" failures="0" tests="1" name="script.ValidLogin_Test" time="60.195" errors="0" timestamp="09 Apr 2022 03:58:31 GMT" skipped="0">
  <testcase classname="script.ValidLogin_Test" name="testValidLogin" time="60.195"/>
</testsuite> <!-- script.ValidLogin_Test -->
